
=====================================================================================================
Exporting MASL for Comp...
[/C:/xtuml/BridgePoint//tools/mc/bin\x2m, -i, C:\xtuml\BridgePoint\workspace\TypeUnit, -d, Comp, -P]
[/C:/xtuml/BridgePoint//tools/mc/bin\masl, -i, C:\xtuml\BridgePoint\workspace\TypeUnit, -d, Comp, -o, C:\xtuml\BridgePoint\workspace\TypeUnit\masl\, -a, MASL]
103 ___ info ___ Loading marking data.
103 ___ info ___ Starting domain.
104 ___ info ___ Done.
83 ___ failure ___ no parent element for: [ domain, Comp, , , , , , ,  ]
82 ___ stack_trace ___ outputting element stack:
82 ___ stack_trace ___ done.
[C:\Program Files\Java\jdk-19/bin/java, -cp, /C:/xtuml/BridgePoint//tools/mc/bin\antlr-3.5.2-complete.jar:/C:/xtuml/BridgePoint//tools/mc/bin\MASLParser.jar, MaslFormatter, -r, -i, C:\xtuml\BridgePoint\workspace\TypeUnit\masl\Comp, -o, C:\xtuml\BridgePoint\workspace\TypeUnit\masl\Comp.formatted]
Error: Could not find or load main class MaslFormatter
Caused by: java.lang.ClassNotFoundException: MaslFormatter
Done. 2024-04-02T20:06:37.824999700

=====================================================================================================
Exporting MASL for TypeUnitComponent...
[/C:/xtuml/BridgePoint//tools/mc/bin\x2m, -i, C:\xtuml\BridgePoint\workspace\TypeUnit, -d, TypeUnitComponent, -P]
[/C:/xtuml/BridgePoint//tools/mc/bin\masl, -i, C:\xtuml\BridgePoint\workspace\TypeUnit, -d, TypeUnitComponent, -o, C:\xtuml\BridgePoint\workspace\TypeUnit\masl\, -a, MASL]
103 ___ info ___ Loading marking data.
103 ___ info ___ Starting domain.
104 ___ info ___ Done.
[C:\Program Files\Java\jdk-19/bin/java, -cp, /C:/xtuml/BridgePoint//tools/mc/bin\antlr-3.5.2-complete.jar:/C:/xtuml/BridgePoint//tools/mc/bin\MASLParser.jar, MaslFormatter, -r, -i, C:\xtuml\BridgePoint\workspace\TypeUnit\masl\TypeUnitComponent, -o, C:\xtuml\BridgePoint\workspace\TypeUnit\masl\TypeUnitComponent.formatted]
Error: Could not find or load main class MaslFormatter
Caused by: java.lang.ClassNotFoundException: MaslFormatter
Done. 2024-04-02T20:06:38.015030200

=====================================================================================================
Exporting MASL for TestRunner...
[/C:/xtuml/BridgePoint//tools/mc/bin\x2m, -i, C:\xtuml\BridgePoint\workspace\TypeUnit, -d, TestRunner, -P]
[/C:/xtuml/BridgePoint//tools/mc/bin\masl, -i, C:\xtuml\BridgePoint\workspace\TypeUnit, -d, TestRunner, -o, C:\xtuml\BridgePoint\workspace\TypeUnit\masl\, -a, MASL]
103 ___ info ___ Loading marking data.
103 ___ info ___ Starting domain.
104 ___ info ___ Done.
[C:\Program Files\Java\jdk-19/bin/java, -cp, /C:/xtuml/BridgePoint//tools/mc/bin\antlr-3.5.2-complete.jar:/C:/xtuml/BridgePoint//tools/mc/bin\MASLParser.jar, MaslFormatter, -r, -i, C:\xtuml\BridgePoint\workspace\TypeUnit\masl\TestRunner, -o, C:\xtuml\BridgePoint\workspace\TypeUnit\masl\TestRunner.formatted]
Error: Could not find or load main class MaslFormatter
Caused by: java.lang.ClassNotFoundException: MaslFormatter
Done. 2024-04-02T20:06:38.221029300

=====================================================================================================
Exporting MASL for Component...
[/C:/xtuml/BridgePoint//tools/mc/bin\x2m, -i, C:\xtuml\BridgePoint\workspace\TypeUnit, -d, Component, -P]
[/C:/xtuml/BridgePoint//tools/mc/bin\masl, -i, C:\xtuml\BridgePoint\workspace\TypeUnit, -d, Component, -o, C:\xtuml\BridgePoint\workspace\TypeUnit\masl\, -a, MASL]
103 ___ info ___ Loading marking data.
103 ___ info ___ Starting domain.
104 ___ info ___ Done.
[C:\Program Files\Java\jdk-19/bin/java, -cp, /C:/xtuml/BridgePoint//tools/mc/bin\antlr-3.5.2-complete.jar:/C:/xtuml/BridgePoint//tools/mc/bin\MASLParser.jar, MaslFormatter, -r, -i, C:\xtuml\BridgePoint\workspace\TypeUnit\masl\Component, -o, C:\xtuml\BridgePoint\workspace\TypeUnit\masl\Component.formatted]
Error: Could not find or load main class MaslFormatter
Caused by: java.lang.ClassNotFoundException: MaslFormatter
Done. 2024-04-02T20:06:38.411310300
